<?xml version="1.0" encoding="UTF-8"?>
<!-- Generated by org.testng.reporters.JUnitReportReporter -->
<testsuite hostname="QSP" failures="0" tests="1" name="aaaaaaaa.Test0" time="0.010" errors="0" timestamp="2021-07-23T15:37:54 IST" skipped="0">
  <testcase classname="aaaaaaaa.Test0" name="tc1" time="0.010"/>
</testsuite> <!-- aaaaaaaa.Test0 -->
