<?xml version="1.0" encoding="UTF-8"?>
<!-- Generated by org.testng.reporters.JUnitReportReporter -->
<testsuite hostname="QSP" failures="0" tests="1" name="aaaaaaaa.Test1" time="0.030" errors="0" timestamp="2021-07-23T15:37:54 IST" skipped="0">
  <testcase classname="aaaaaaaa.Test1" name="tc1" time="0.030"/>
</testsuite> <!-- aaaaaaaa.Test1 -->
